[2026-02-21T05:59:20.383Z] ℹ️  🧩 [INFO] [Plugin] bridge entry initializing logFile=/Users/mac/git/zeroinsect/logs/bridge.log pid=80691 instance=80691-dv7094xr
[2026-02-21T05:59:21.546Z] ℹ️  🧩 [INFO] [Plugin] no bridge enabled
[2026-02-21T06:03:49.914Z] ℹ️  🧩 [INFO] [Plugin] bridge entry initializing logFile=/Users/mac/git/zeroinsect/logs/bridge.log pid=85155 instance=85155-wiw9h9xk
[2026-02-21T06:03:50.824Z] ℹ️  🧩 [INFO] [Plugin] no bridge enabled
[2026-02-21T08:34:32.884Z] ℹ️  🧩 [INFO] [Plugin] bridge entry initializing logFile=/Users/mac/git/zeroinsect/logs/bridge.log pid=8980 instance=8980-j3cwxf3n
[2026-02-21T08:34:33.991Z] ℹ️  🧩 [INFO] [Plugin] no bridge enabled
[2026-02-22T00:14:37.354Z] ℹ️  🧩 [INFO] [Plugin] bridge entry initializing logFile=/Users/mac/git/zeroinsect/logs/bridge.log pid=28577 instance=28577-uomj3k2d
[2026-02-22T00:14:40.831Z] ℹ️  🧩 [INFO] [Plugin] no bridge enabled
[2026-02-22T07:12:12.712Z] ℹ️  🧩 [INFO] [Plugin] bridge entry initializing logFile=/Users/mac/git/zeroinsect/logs/bridge.log pid=30892 instance=30892-lgyyiobu
[2026-02-22T07:12:14.110Z] ℹ️  🧩 [INFO] [Plugin] no bridge enabled
[2026-02-22T07:12:58.337Z] ℹ️  🧩 [INFO] [Plugin] bridge entry initializing logFile=/Users/mac/git/zeroinsect/logs/bridge.log pid=31846 instance=31846-ucu4jdxh
[2026-02-22T07:12:59.594Z] ℹ️  🧩 [INFO] [Plugin] no bridge enabled
[2026-02-22T08:22:09.015Z] ℹ️  🧩 [INFO] [Plugin] bridge entry initializing logFile=/Users/mac/git/zeroinsect/logs/bridge.log pid=85221 instance=85221-7pg9odq4
[2026-02-22T08:22:10.372Z] ℹ️  🧩 [INFO] [Plugin] no bridge enabled
[2026-02-22T08:57:06.629Z] ℹ️  🧩 [INFO] [Plugin] bridge entry initializing logFile=/Users/mac/git/zeroinsect/logs/bridge.log pid=92929 instance=92929-widzou90
[2026-02-22T08:57:08.136Z] ℹ️  🧩 [INFO] [Plugin] no bridge enabled
[2026-02-22T09:05:27.748Z] ℹ️  🧩 [INFO] [Plugin] bridge entry initializing logFile=/Users/mac/git/zeroinsect/logs/bridge.log pid=97272 instance=97272-9q50x0zt
[2026-02-22T09:05:29.264Z] ℹ️  🧩 [INFO] [Plugin] no bridge enabled
[2026-02-23T00:31:01.773Z] ℹ️  🧩 [INFO] [Plugin] bridge entry initializing logFile=/Users/mac/git/zeroinsect/logs/bridge.log pid=61450 instance=61450-vuayz6d1
[2026-02-23T00:31:03.539Z] ℹ️  🧩 [INFO] [Plugin] no bridge enabled
[2026-02-23T06:30:32.374Z] ℹ️  🧩 [INFO] [Plugin] bridge entry initializing logFile=/Users/mac/git/zeroinsect/logs/bridge.log pid=47835 instance=47835-1vlmz07u
[2026-02-23T06:30:36.712Z] ℹ️  🧩 [INFO] [Plugin] no bridge enabled
[2026-02-23T09:08:52.819Z] ℹ️  🧩 [INFO] [Plugin] bridge entry initializing logFile=/Users/mac/git/zeroinsect/logs/bridge.log pid=58564 instance=58564-bvoqqa5f
[2026-02-23T09:08:53.930Z] ℹ️  🧩 [INFO] [Plugin] no bridge enabled
